<?xml version="1.0" encoding="UTF-8" ?>
<testsuite failures="0" time="0.068" errors="0" skipped="0" tests="1" name="co.solucionelo.backend.AppTest">
  <properties>
    <property name="java.vm.vendor.url.bug" value="http://download.oracle.com/docs/cd/E15289_01/go2troubleshooting.html"/>
    <property name="java.runtime.name" value="Java(TM) SE Runtime Environment"/>
    <property name="sun.boot.library.path" value="C:\jrockit6\jre\bin"/>
    <property name="java.vm.version" value="R28.2.7-7-155314-1.6.0_45-20130329-0646-windows-x86_64"/>
    <property name="java.vm.vendor" value="Oracle Corporation"/>
    <property name="java.vendor.url" value="http://www.oracle.com/"/>
    <property name="path.separator" value=";"/>
    <property name="guice.disable.misplaced.annotation.check" value="true"/>
    <property name="java.vm.name" value="Oracle JRockit(R)"/>
    <property name="file.encoding.pkg" value="sun.io"/>
    <property name="user.country" value="CO"/>
    <property name="sun.java.launcher" value="SUN_STANDARD"/>
    <property name="sun.os.patch.level" value="Service Pack 1"/>
    <property name="java.vm.vendor.url" value="http://www.oracle.com/"/>
    <property name="java.vm.specification.name" value="Java Virtual Machine Specification"/>
    <property name="user.dir" value="D:\Java\WorkspaceSolucionelo\solucionelo-backend"/>
    <property name="java.runtime.version" value="1.6.0_45-b06"/>
    <property name="java.awt.graphicsenv" value="sun.awt.Win32GraphicsEnvironment"/>
    <property name="java.endorsed.dirs" value="C:\jrockit6\jre\lib\endorsed"/>
    <property name="os.arch" value="amd64"/>
    <property name="java.io.tmpdir" value="C:\Users\carlcafl\AppData\Local\Temp\"/>
    <property name="line.separator" value="
"/>
    <property name="java.vm.specification.vendor" value="Sun Microsystems Inc."/>
    <property name="user.variant" value=""/>
    <property name="os.name" value="Windows 7"/>
    <property name="classworlds.conf" value="D:\Java\WorkspaceSolucionelo\.metadata\.plugins\org.eclipse.m2e.core\launches\m2conf4327622218068598397.tmp"/>
    <property name="sun.jnu.encoding" value="Cp1252"/>
    <property name="java.library.path" value="C:\jrockit6\bin;C:\windows\system32;C:\windows;C:/Program Files (x86)/Java/jre1.8.0_91/bin/client;C:/Program Files (x86)/Java/jre1.8.0_91/bin;C:/Program Files (x86)/Java/jre1.8.0_91/lib/i386;C:\ProgramData\Oracle\Java\javapath;C:\Program Files (x86)\Java\jdk1.8.0_65\bin;C:\eclipse;C:\gradle-2.2.1\bin;C:\Python27\;C:\Python27\Scripts;C:\FileNet\IDM;C:\oracle\FORMS6I\BIN;C:\Program Files (x86)\CA\SC\CAWIN\;C:\Program Files (x86)\Intel\iCLS Client\;C:\Program Files\Intel\iCLS Client\;C:\windows\system32;C:\windows;C:\windows\System32\Wbem;C:\windows\System32\WindowsPowerShell\v1.0\;C:\Program Files\Lenovo\Fingerprint Manager Pro\;C:\Program Files\Intel\Intel(R) Management Engine Components\DAL;C:\Program Files\Intel\Intel(R) Management Engine Components\IPT;C:\Program Files (x86)\Intel\Intel(R) Management Engine Components\DAL;C:\Program Files (x86)\Intel\Intel(R) Management Engine Components\IPT;C:\Program Files (x86)\CA\SC\Csam\SockAdapter\bin;C:\PROGRA~2\CA\SC\CAM\bin;C:\Program Files (x86)\CA\SC\CBB\;C:\Program Files (x86)\CA\DSM\bin;C:\Program Files (x86)\CA\DSM\Bin\;C:\POWERBUILDER\PB802DK;C:\POWERBUILDER\PB105BK;C:\Program Files (x86)\Seapine;C:\Program Files\TortoiseSVN\bin;C:\Program Files (x86)\Sybase\Shared\PowerBuilder\;D:\Mis Documentos\Documents\PortableApps\;C:\Program Files (x86)\CA\SC\Csam\SockAdapter\bin;C:\Program Files (x86)\CA\SC\Csam\SockAdapter\bin;C:\Program Files (x86)\CA\SC\Csam\SockAdapter\bin64;C:\Program Files (x86)\Heroku\bin;C:\Program Files (x86)\git\cmd;C:\apache-maven-3.3.1\bin;C:\Program Files\nodejs\;D:\activator;C:\Program Files (x86)\QuickTime\QTSystem\;C:\Program Files (x86)\Skype\Phone\;C:\Program Files\Intel\WiFi\bin\;C:\Program Files\Common Files\Intel\WirelessCommon\;C:\Program Files (x86)\Sybase\Shared\PowerBuilder\;C:\Users\carlcafl\AppData\Roaming\npm;D:\activator;C:\Program Files\Intel\WiFi\bin\;C:\Program Files\Common Files\Intel\WirelessCommon\;C:\eclipse;;."/>
    <property name="java.specification.name" value="Java Platform API Specification"/>
    <property name="java.class.version" value="50.0"/>
    <property name="sun.management.compiler" value="Oracle JRockit(R) Optimizing Compiler"/>
    <property name="os.version" value="6.1"/>
    <property name="user.home" value="C:\Users\carlcafl"/>
    <property name="user.timezone" value="America/Bogota"/>
    <property name="java.awt.printerjob" value="sun.awt.windows.WPrinterJob"/>
    <property name="java.specification.version" value="1.6"/>
    <property name="file.encoding" value="Cp1252"/>
    <property name="user.name" value="carlcafl"/>
    <property name="java.class.path" value="/C:/eclipse/configuration/org.eclipse.osgi/bundles/2329/1/.cp/jars/plexus-classworlds-2.4.jar"/>
    <property name="java.vm.specification.version" value="1.0"/>
    <property name="sun.arch.data.model" value="64"/>
    <property name="java.home" value="C:\jrockit6\jre"/>
    <property name="sun.java.command" value="org.codehaus.plexus.classworlds.launcher.Launcher -B install"/>
    <property name="java.specification.vendor" value="Sun Microsystems Inc."/>
    <property name="user.language" value="es"/>
    <property name="awt.toolkit" value="sun.awt.windows.WToolkit"/>
    <property name="java.vm.info" value="compiled mode"/>
    <property name="java.version" value="1.6.0_45"/>
    <property name="java.ext.dirs" value="C:\jrockit6\jre\lib\ext"/>
    <property name="kernel.download.enabled" value="false"/>
    <property name="sun.boot.class.path" value="C:\jrockit6\jre\lib\endorsed\jaxb-api-2.2.6.jar;C:\jrockit6\jre\lib\endorsed\jaxb-impl-2.2.5.jar;C:\jrockit6\jre\lib\endorsed\jaxb-xjc-2.2.5.jar;C:\jrockit6\jre\lib\resources.jar;C:\jrockit6\jre\lib\rt.jar;C:\jrockit6\jre\lib\sunrsasign.jar;C:\jrockit6\jre\lib\jsse.jar;C:\jrockit6\jre\lib\jce.jar;C:\jrockit6\jre\lib\charsets.jar;C:\jrockit6\jre\classes"/>
    <property name="java.vendor" value="Oracle Corporation"/>
    <property name="maven.home" value="D:\Java\WorkspaceSolucionelo\solucionelo-backend\EMBEDDED"/>
    <property name="file.separator" value="\"/>
    <property name="java.vendor.url.bug" value="http://download.oracle.com/docs/cd/E15289_01/go2troubleshooting.html"/>
    <property name="sun.cpu.endian" value="little"/>
    <property name="sun.io.unicode.encoding" value="UnicodeLittle"/>
    <property name="sun.desktop" value="windows"/>
    <property name="sun.cpu.isalist" value="amd64"/>
  </properties>
  <testcase time="0.003" classname="co.solucionelo.backend.AppTest" name="testApp"/>
</testsuite>